2023-09-14 19:56:24.256  INFO 1485 --- [main] c.s.a.AlertsApplication                  : Starting AlertsApplication using Java 17.0.7 with PID 1485 (/Users/samiras/Documents/OC/spring/alerts/target/classes started by samiras in /Users/samiras/Documents/OC/spring/alerts)
2023-09-14 19:56:24.258 DEBUG 1485 --- [main] c.s.a.AlertsApplication                  : Running with Spring Boot v3.1.3, Spring v6.0.11
2023-09-14 19:56:24.258  INFO 1485 --- [main] c.s.a.AlertsApplication                  : No active profile set, falling back to 1 default profile: "default"
2023-09-14 19:56:24.598  INFO 1485 --- [main] o.s.b.w.e.t.TomcatWebServer              : Tomcat initialized with port(s): 8080 (http)
2023-09-14 19:56:24.602  INFO 1485 --- [main] o.a.c.c.StandardService                  : Starting service [Tomcat]
2023-09-14 19:56:24.602  INFO 1485 --- [main] o.a.c.c.StandardEngine                   : Starting Servlet engine: [Apache Tomcat/10.1.12]
2023-09-14 19:56:24.630  INFO 1485 --- [main] o.a.c.c.C.[.[.[/]                        : Initializing Spring embedded WebApplicationContext
2023-09-14 19:56:24.630  INFO 1485 --- [main] w.s.c.ServletWebServerApplicationContext : Root WebApplicationContext: initialization completed in 359 ms
2023-09-14 19:56:24.680  WARN 1485 --- [main] ConfigServletWebServerApplicationContext : Exception encountered during context initialization - cancelling refresh attempt: org.springframework.beans.factory.UnsatisfiedDependencyException: Error creating bean with name 'dataController': Unsatisfied dependency expressed through field 'fireStationsService': Error creating bean with name 'fireStationsServiceImpl': Unsatisfied dependency expressed through field 'dataFileAccess': No qualifying bean of type 'com.safetynet.alerts.repository.DataFileAccess' available: expected at least 1 bean which qualifies as autowire candidate. Dependency annotations: {@org.springframework.beans.factory.annotation.Autowired(required=true)}
2023-09-14 19:56:24.681  INFO 1485 --- [main] o.a.c.c.StandardService                  : Stopping service [Tomcat]
2023-09-14 19:56:24.690  INFO 1485 --- [main] .s.b.a.l.ConditionEvaluationReportLogger : 

Error starting ApplicationContext. To display the condition evaluation report re-run your application with 'debug' enabled.
2023-09-14 19:56:24.695 ERROR 1485 --- [main] o.s.b.d.LoggingFailureAnalysisReporter   : 

***************************
APPLICATION FAILED TO START
***************************

Description:

Field dataFileAccess in com.safetynet.alerts.service.impl.FireStationsServiceImpl required a bean of type 'com.safetynet.alerts.repository.DataFileAccess' that could not be found.

The injection point has the following annotations:
	- @org.springframework.beans.factory.annotation.Autowired(required=true)


Action:

Consider defining a bean of type 'com.safetynet.alerts.repository.DataFileAccess' in your configuration.

2023-09-14 20:21:21.367  INFO 1601 --- [main] c.s.a.AlertsApplication                  : Starting AlertsApplication using Java 17.0.7 with PID 1601 (/Users/samiras/Documents/OC/spring/alerts/target/classes started by samiras in /Users/samiras/Documents/OC/spring/alerts)
2023-09-14 20:21:21.369 DEBUG 1601 --- [main] c.s.a.AlertsApplication                  : Running with Spring Boot v3.1.3, Spring v6.0.11
2023-09-14 20:21:21.370  INFO 1601 --- [main] c.s.a.AlertsApplication                  : No active profile set, falling back to 1 default profile: "default"
2023-09-14 20:21:21.708  INFO 1601 --- [main] o.s.b.w.e.t.TomcatWebServer              : Tomcat initialized with port(s): 8080 (http)
2023-09-14 20:21:21.712  INFO 1601 --- [main] o.a.c.c.StandardService                  : Starting service [Tomcat]
2023-09-14 20:21:21.712  INFO 1601 --- [main] o.a.c.c.StandardEngine                   : Starting Servlet engine: [Apache Tomcat/10.1.12]
2023-09-14 20:21:21.740  INFO 1601 --- [main] o.a.c.c.C.[.[.[/]                        : Initializing Spring embedded WebApplicationContext
2023-09-14 20:21:21.740  INFO 1601 --- [main] w.s.c.ServletWebServerApplicationContext : Root WebApplicationContext: initialization completed in 357 ms
2023-09-14 20:21:21.925  INFO 1601 --- [main] o.s.b.a.e.w.EndpointLinksResolver        : Exposing 1 endpoint(s) beneath base path '/actuator'
2023-09-14 20:21:21.944  INFO 1601 --- [main] o.s.b.w.e.t.TomcatWebServer              : Tomcat started on port(s): 8080 (http) with context path ''
2023-09-14 20:21:21.951  INFO 1601 --- [main] c.s.a.AlertsApplication                  : Started AlertsApplication in 0.69 seconds (process running for 1.156)
2023-09-14 20:21:21.953 DEBUG 1601 --- [main] c.s.a.AlertsApplication                  : LOG TEST - Alerts application is running...
2023-09-14 20:21:21.953  INFO 1601 --- [main] c.s.a.AlertsApplication                  : LOG TEST - Alerts application is running...
2023-09-14 20:21:21.953 ERROR 1601 --- [main] c.s.a.AlertsApplication                  : LOG TEST - Alerts application is running...
2023-09-14 20:21:22.956  INFO 1601 --- [RMI TCP Connection(9)-127.0.0.1] o.a.c.c.C.[.[.[/]                        : Initializing Spring DispatcherServlet 'dispatcherServlet'
2023-09-14 20:21:22.956  INFO 1601 --- [RMI TCP Connection(9)-127.0.0.1] o.s.w.s.DispatcherServlet                : Initializing Servlet 'dispatcherServlet'
2023-09-14 20:21:22.957  INFO 1601 --- [RMI TCP Connection(9)-127.0.0.1] o.s.w.s.DispatcherServlet                : Completed initialization in 1 ms
2023-09-14 20:22:37.734 DEBUG 1601 --- [http-nio-8080-exec-1] c.s.a.r.i.DataFileAccessImpl             : Json correctly mapped!
2023-09-14 20:22:37.739  INFO 1601 --- [http-nio-8080-exec-1] c.s.a.e.ControllerAdvisor                : Request get firestation zone successful!
2023-09-14 20:22:49.033  INFO 1601 --- [RMI TCP Connection(11)-127.0.0.1] inMXBeanRegistrar$SpringApplicationAdmin : Application shutdown requested.
2023-09-14 20:22:49.036  INFO 1601 --- [RMI TCP Connection(11)-127.0.0.1] o.a.c.c.StandardService                  : Stopping service [Tomcat]
2023-09-14 20:22:49.037  INFO 1601 --- [RMI TCP Connection(11)-127.0.0.1] o.a.c.c.C.[.[.[/]                        : Destroying Spring FrameworkServlet 'dispatcherServlet'
2023-09-14 20:23:15.640  INFO 1616 --- [main] c.s.a.AlertsApplication                  : Starting AlertsApplication using Java 17.0.7 with PID 1616 (/Users/samiras/Documents/OC/spring/alerts/target/classes started by samiras in /Users/samiras/Documents/OC/spring/alerts)
2023-09-14 20:23:15.642 DEBUG 1616 --- [main] c.s.a.AlertsApplication                  : Running with Spring Boot v3.1.3, Spring v6.0.11
2023-09-14 20:23:15.642  INFO 1616 --- [main] c.s.a.AlertsApplication                  : No active profile set, falling back to 1 default profile: "default"
2023-09-14 20:23:15.985  INFO 1616 --- [main] o.s.b.w.e.t.TomcatWebServer              : Tomcat initialized with port(s): 8080 (http)
2023-09-14 20:23:15.989  INFO 1616 --- [main] o.a.c.c.StandardService                  : Starting service [Tomcat]
2023-09-14 20:23:15.989  INFO 1616 --- [main] o.a.c.c.StandardEngine                   : Starting Servlet engine: [Apache Tomcat/10.1.12]
2023-09-14 20:23:16.017  INFO 1616 --- [main] o.a.c.c.C.[.[.[/]                        : Initializing Spring embedded WebApplicationContext
2023-09-14 20:23:16.017  INFO 1616 --- [main] w.s.c.ServletWebServerApplicationContext : Root WebApplicationContext: initialization completed in 362 ms
2023-09-14 20:23:16.201  INFO 1616 --- [main] o.s.b.a.e.w.EndpointLinksResolver        : Exposing 1 endpoint(s) beneath base path '/actuator'
2023-09-14 20:23:16.223  INFO 1616 --- [main] o.s.b.w.e.t.TomcatWebServer              : Tomcat started on port(s): 8080 (http) with context path ''
2023-09-14 20:23:16.231  INFO 1616 --- [main] c.s.a.AlertsApplication                  : Started AlertsApplication in 0.694 seconds (process running for 1.016)
2023-09-14 20:23:16.232 DEBUG 1616 --- [main] c.s.a.AlertsApplication                  : LOG TEST - Alerts application is running...
2023-09-14 20:23:16.232  INFO 1616 --- [main] c.s.a.AlertsApplication                  : LOG TEST - Alerts application is running...
2023-09-14 20:23:16.232 ERROR 1616 --- [main] c.s.a.AlertsApplication                  : LOG TEST - Alerts application is running...
2023-09-14 20:23:16.917  INFO 1616 --- [RMI TCP Connection(9)-127.0.0.1] o.a.c.c.C.[.[.[/]                        : Initializing Spring DispatcherServlet 'dispatcherServlet'
2023-09-14 20:23:16.917  INFO 1616 --- [RMI TCP Connection(9)-127.0.0.1] o.s.w.s.DispatcherServlet                : Initializing Servlet 'dispatcherServlet'
2023-09-14 20:23:16.917  INFO 1616 --- [RMI TCP Connection(9)-127.0.0.1] o.s.w.s.DispatcherServlet                : Completed initialization in 0 ms
2023-09-14 20:23:23.770 DEBUG 1616 --- [http-nio-8080-exec-1] c.s.a.r.i.DataFileAccessImpl             : Json correctly mapped!
2023-09-14 20:23:23.776  INFO 1616 --- [http-nio-8080-exec-1] c.s.a.e.ControllerAdvisor                : Request get firestation zone successful!
2023-09-14 20:23:28.242  INFO 1616 --- [RMI TCP Connection(7)-127.0.0.1] inMXBeanRegistrar$SpringApplicationAdmin : Application shutdown requested.
2023-09-14 20:23:28.246  INFO 1616 --- [RMI TCP Connection(7)-127.0.0.1] o.a.c.c.StandardService                  : Stopping service [Tomcat]
2023-09-14 20:23:28.246  INFO 1616 --- [RMI TCP Connection(7)-127.0.0.1] o.a.c.c.C.[.[.[/]                        : Destroying Spring FrameworkServlet 'dispatcherServlet'
2023-09-14 21:14:55.745  INFO 1877 --- [main] c.s.a.AlertsApplication                  : Starting AlertsApplication using Java 17.0.7 with PID 1877 (/Users/samiras/git/alerts-oc/alerts/target/classes started by samiras in /Users/samiras/git/alerts-oc/alerts)
2023-09-14 21:14:55.747 DEBUG 1877 --- [main] c.s.a.AlertsApplication                  : Running with Spring Boot v3.1.3, Spring v6.0.11
2023-09-14 21:14:55.747  INFO 1877 --- [main] c.s.a.AlertsApplication                  : No active profile set, falling back to 1 default profile: "default"
2023-09-14 21:14:56.107  INFO 1877 --- [main] o.s.b.w.e.t.TomcatWebServer              : Tomcat initialized with port(s): 8080 (http)
2023-09-14 21:14:56.111  INFO 1877 --- [main] o.a.c.c.StandardService                  : Starting service [Tomcat]
2023-09-14 21:14:56.111  INFO 1877 --- [main] o.a.c.c.StandardEngine                   : Starting Servlet engine: [Apache Tomcat/10.1.12]
2023-09-14 21:14:56.141  INFO 1877 --- [main] o.a.c.c.C.[.[.[/]                        : Initializing Spring embedded WebApplicationContext
2023-09-14 21:14:56.141  INFO 1877 --- [main] w.s.c.ServletWebServerApplicationContext : Root WebApplicationContext: initialization completed in 381 ms
2023-09-14 21:14:56.339  INFO 1877 --- [main] o.s.b.a.e.w.EndpointLinksResolver        : Exposing 1 endpoint(s) beneath base path '/actuator'
2023-09-14 21:14:56.361  INFO 1877 --- [main] o.s.b.w.e.t.TomcatWebServer              : Tomcat started on port(s): 8080 (http) with context path ''
2023-09-14 21:14:56.368  INFO 1877 --- [main] c.s.a.AlertsApplication                  : Started AlertsApplication in 0.729 seconds (process running for 1.054)
2023-09-14 21:14:56.370 DEBUG 1877 --- [main] c.s.a.AlertsApplication                  : LOG TEST - Alerts application is running...
2023-09-14 21:14:56.370  INFO 1877 --- [main] c.s.a.AlertsApplication                  : LOG TEST - Alerts application is running...
2023-09-14 21:14:56.370 ERROR 1877 --- [main] c.s.a.AlertsApplication                  : LOG TEST - Alerts application is running...
2023-09-14 21:14:57.103  INFO 1877 --- [RMI TCP Connection(9)-127.0.0.1] o.a.c.c.C.[.[.[/]                        : Initializing Spring DispatcherServlet 'dispatcherServlet'
2023-09-14 21:14:57.104  INFO 1877 --- [RMI TCP Connection(9)-127.0.0.1] o.s.w.s.DispatcherServlet                : Initializing Servlet 'dispatcherServlet'
2023-09-14 21:14:57.104  INFO 1877 --- [RMI TCP Connection(9)-127.0.0.1] o.s.w.s.DispatcherServlet                : Completed initialization in 0 ms
2023-09-14 21:30:46.222  INFO 1877 --- [RMI TCP Connection(24)-127.0.0.1] inMXBeanRegistrar$SpringApplicationAdmin : Application shutdown requested.
2023-09-14 21:30:46.226  INFO 1877 --- [RMI TCP Connection(24)-127.0.0.1] o.a.c.c.StandardService                  : Stopping service [Tomcat]
2023-09-14 21:30:46.226  INFO 1877 --- [RMI TCP Connection(24)-127.0.0.1] o.a.c.c.C.[.[.[/]                        : Destroying Spring FrameworkServlet 'dispatcherServlet'
