2023-09-16 13:32:56.870  INFO 2426 --- [main] c.s.a.AlertsApplication                  : Starting AlertsApplication using Java 17.0.7 with PID 2426 (/Users/samiras/git/alerts-oc/alerts/target/classes started by samiras in /Users/samiras/git/alerts-oc/alerts)
2023-09-16 13:32:56.875 DEBUG 2426 --- [main] c.s.a.AlertsApplication                  : Running with Spring Boot v3.1.3, Spring v6.0.11
2023-09-16 13:32:56.875  INFO 2426 --- [main] c.s.a.AlertsApplication                  : No active profile set, falling back to 1 default profile: "default"
2023-09-16 13:32:57.227  INFO 2426 --- [main] o.s.b.w.e.t.TomcatWebServer              : Tomcat initialized with port(s): 8080 (http)
2023-09-16 13:32:57.231  INFO 2426 --- [main] o.a.c.c.StandardService                  : Starting service [Tomcat]
2023-09-16 13:32:57.231  INFO 2426 --- [main] o.a.c.c.StandardEngine                   : Starting Servlet engine: [Apache Tomcat/10.1.12]
2023-09-16 13:32:57.259  INFO 2426 --- [main] o.a.c.c.C.[.[.[/]                        : Initializing Spring embedded WebApplicationContext
2023-09-16 13:32:57.259  INFO 2426 --- [main] w.s.c.ServletWebServerApplicationContext : Root WebApplicationContext: initialization completed in 372 ms
2023-09-16 13:32:57.439  INFO 2426 --- [main] o.s.b.a.e.w.EndpointLinksResolver        : Exposing 1 endpoint(s) beneath base path '/actuator'
2023-09-16 13:32:57.459  INFO 2426 --- [main] o.s.b.w.e.t.TomcatWebServer              : Tomcat started on port(s): 8080 (http) with context path ''
2023-09-16 13:32:57.466  INFO 2426 --- [main] c.s.a.AlertsApplication                  : Started AlertsApplication in 0.697 seconds (process running for 1.024)
2023-09-16 13:32:57.468 DEBUG 2426 --- [main] c.s.a.AlertsApplication                  : LOG TEST - Alerts application is running...
2023-09-16 13:32:57.468  INFO 2426 --- [main] c.s.a.AlertsApplication                  : LOG TEST - Alerts application is running...
2023-09-16 13:32:57.468 ERROR 2426 --- [main] c.s.a.AlertsApplication                  : LOG TEST - Alerts application is running...
2023-09-16 13:32:57.700  INFO 2426 --- [RMI TCP Connection(9)-127.0.0.1] o.a.c.c.C.[.[.[/]                        : Initializing Spring DispatcherServlet 'dispatcherServlet'
2023-09-16 13:32:57.700  INFO 2426 --- [RMI TCP Connection(9)-127.0.0.1] o.s.w.s.DispatcherServlet                : Initializing Servlet 'dispatcherServlet'
2023-09-16 13:32:57.700  INFO 2426 --- [RMI TCP Connection(9)-127.0.0.1] o.s.w.s.DispatcherServlet                : Completed initialization in 0 ms
2023-09-16 13:47:42.020 DEBUG 2426 --- [http-nio-8080-exec-6] c.s.a.r.i.DataFileAccessImpl             : Json correctly mapped!
2023-09-16 13:47:42.023  INFO 2426 --- [http-nio-8080-exec-6] c.s.a.e.ControllerAdvisor                : Request get full information successful!
2023-09-16 13:47:42.030 ERROR 2426 --- [http-nio-8080-exec-6] c.s.a.e.ControllerAdvisor                : Person(s) from firstname and lastname not found!
2023-09-16 13:47:42.034 DEBUG 2426 --- [http-nio-8080-exec-6] c.s.a.e.ControllerAdvisor                : Responding with a status of 404 NOT_FOUND
2023-09-16 13:51:25.886  INFO 2426 --- [http-nio-8080-exec-8] c.s.a.e.ControllerAdvisor                : Request get person information with station list successful!
2023-09-16 14:46:04.256  INFO 2426 --- [http-nio-8080-exec-10] c.s.a.e.ControllerAdvisor                : Request get person information with address failed.
2023-09-16 14:46:04.257 ERROR 2426 --- [http-nio-8080-exec-10] c.s.a.e.ControllerAdvisor                : Person(s) from address not found!
2023-09-16 14:46:04.257 DEBUG 2426 --- [http-nio-8080-exec-10] c.s.a.e.ControllerAdvisor                : Responding with a status of 404 NOT_FOUND
2023-09-16 14:46:45.649  INFO 2426 --- [http-nio-8080-exec-2] c.s.a.e.ControllerAdvisor                : Request get child alerts failed.
2023-09-16 14:46:45.650 ERROR 2426 --- [http-nio-8080-exec-2] c.s.a.e.ControllerAdvisor                : Person(s) from address not found!
2023-09-16 14:46:45.651 DEBUG 2426 --- [http-nio-8080-exec-2] c.s.a.e.ControllerAdvisor                : Responding with a status of 404 NOT_FOUND
2023-09-16 14:52:02.306  INFO 2426 --- [http-nio-8080-exec-4] c.s.a.e.ControllerAdvisor                : Request get child alerts failed.
2023-09-16 14:52:02.307 ERROR 2426 --- [http-nio-8080-exec-4] c.s.a.e.ControllerAdvisor                : Person(s) from address not found!
2023-09-16 14:52:02.307 DEBUG 2426 --- [http-nio-8080-exec-4] c.s.a.e.ControllerAdvisor                : Responding with a status of 404 NOT_FOUND
2023-09-16 14:53:42.282  INFO 2426 --- [http-nio-8080-exec-6] c.s.a.e.ControllerAdvisor                : Request get person information with address failed.
2023-09-16 14:53:42.283 ERROR 2426 --- [http-nio-8080-exec-6] c.s.a.e.ControllerAdvisor                : Person(s) from address not found!
2023-09-16 14:53:42.283 DEBUG 2426 --- [http-nio-8080-exec-6] c.s.a.e.ControllerAdvisor                : Responding with a status of 404 NOT_FOUND
2023-09-16 15:05:21.993  INFO 2426 --- [http-nio-8080-exec-8] c.s.a.e.ControllerAdvisor                : Request get phone alert successful!
2023-09-16 15:08:00.351  INFO 2426 --- [http-nio-8080-exec-10] c.s.a.e.ControllerAdvisor                : Request get person information with address failed.
2023-09-16 15:08:00.351 ERROR 2426 --- [http-nio-8080-exec-10] c.s.a.e.ControllerAdvisor                : Person(s) from address not found!
2023-09-16 15:08:00.352 DEBUG 2426 --- [http-nio-8080-exec-10] c.s.a.e.ControllerAdvisor                : Responding with a status of 404 NOT_FOUND
2023-09-16 15:08:28.979  INFO 2426 --- [http-nio-8080-exec-1] c.s.a.e.ControllerAdvisor                : Request get person information with address failed.
2023-09-16 15:08:28.979 ERROR 2426 --- [http-nio-8080-exec-1] c.s.a.e.ControllerAdvisor                : Person(s) from address not found!
2023-09-16 15:08:28.980 DEBUG 2426 --- [http-nio-8080-exec-1] c.s.a.e.ControllerAdvisor                : Responding with a status of 404 NOT_FOUND
2023-09-16 15:13:04.348  INFO 2426 --- [http-nio-8080-exec-3] c.s.a.e.ControllerAdvisor                : Request get person information with address failed.
2023-09-16 15:13:04.349 ERROR 2426 --- [http-nio-8080-exec-3] c.s.a.e.ControllerAdvisor                : Person(s) from address not found!
2023-09-16 15:13:04.349 DEBUG 2426 --- [http-nio-8080-exec-3] c.s.a.e.ControllerAdvisor                : Responding with a status of 404 NOT_FOUND
2023-09-16 15:13:57.529  INFO 2426 --- [http-nio-8080-exec-4] c.s.a.e.ControllerAdvisor                : Request get person information with address failed.
2023-09-16 15:13:57.530 ERROR 2426 --- [http-nio-8080-exec-4] c.s.a.e.ControllerAdvisor                : Person(s) from address not found!
2023-09-16 15:13:57.530 DEBUG 2426 --- [http-nio-8080-exec-4] c.s.a.e.ControllerAdvisor                : Responding with a status of 404 NOT_FOUND
2023-09-16 15:15:32.636  INFO 2426 --- [http-nio-8080-exec-6] c.s.a.e.ControllerAdvisor                : Request get person information with address failed.
2023-09-16 15:15:32.636 ERROR 2426 --- [http-nio-8080-exec-6] c.s.a.e.ControllerAdvisor                : Person(s) from address not found!
2023-09-16 15:15:32.636 DEBUG 2426 --- [http-nio-8080-exec-6] c.s.a.e.ControllerAdvisor                : Responding with a status of 404 NOT_FOUND
2023-09-16 15:35:30.046  INFO 2426 --- [http-nio-8080-exec-8] c.s.a.e.ControllerAdvisor                : Request get person information with station list successful!
2023-09-16 15:35:32.075  INFO 2426 --- [http-nio-8080-exec-9] c.s.a.e.ControllerAdvisor                : Request get person information with station list successful!
2023-09-16 15:36:32.035  INFO 2426 --- [http-nio-8080-exec-1] c.s.a.e.ControllerAdvisor                : Request get email failed.
2023-09-16 15:36:32.036 ERROR 2426 --- [http-nio-8080-exec-1] c.s.a.e.ControllerAdvisor                : Person(s) not found!
2023-09-16 15:36:32.036 DEBUG 2426 --- [http-nio-8080-exec-1] c.s.a.e.ControllerAdvisor                : Responding with a status of 404 NOT_FOUND
2023-09-16 15:37:01.606  INFO 2426 --- [http-nio-8080-exec-2] c.s.a.e.ControllerAdvisor                : Request get email failed.
2023-09-16 15:37:01.606 ERROR 2426 --- [http-nio-8080-exec-2] c.s.a.e.ControllerAdvisor                : Person(s) not found!
2023-09-16 15:37:01.607 DEBUG 2426 --- [http-nio-8080-exec-2] c.s.a.e.ControllerAdvisor                : Responding with a status of 404 NOT_FOUND
2023-09-16 15:37:14.426  INFO 2426 --- [http-nio-8080-exec-3] c.s.a.e.ControllerAdvisor                : Request get email failed.
2023-09-16 15:37:14.428 ERROR 2426 --- [http-nio-8080-exec-3] c.s.a.e.ControllerAdvisor                : Person(s) not found!
2023-09-16 15:37:14.428 DEBUG 2426 --- [http-nio-8080-exec-3] c.s.a.e.ControllerAdvisor                : Responding with a status of 404 NOT_FOUND
2023-09-16 15:37:30.271  INFO 2426 --- [http-nio-8080-exec-4] c.s.a.e.ControllerAdvisor                : Request get email failed.
2023-09-16 15:37:30.272 ERROR 2426 --- [http-nio-8080-exec-4] c.s.a.e.ControllerAdvisor                : Person(s) not found!
2023-09-16 15:37:30.272 DEBUG 2426 --- [http-nio-8080-exec-4] c.s.a.e.ControllerAdvisor                : Responding with a status of 404 NOT_FOUND
2023-09-16 15:37:36.465  INFO 2426 --- [http-nio-8080-exec-5] c.s.a.e.ControllerAdvisor                : Request get email failed.
2023-09-16 15:37:36.466 ERROR 2426 --- [http-nio-8080-exec-5] c.s.a.e.ControllerAdvisor                : Person(s) not found!
2023-09-16 15:37:36.467 DEBUG 2426 --- [http-nio-8080-exec-5] c.s.a.e.ControllerAdvisor                : Responding with a status of 404 NOT_FOUND
2023-09-16 15:38:02.121  INFO 2426 --- [http-nio-8080-exec-6] c.s.a.e.ControllerAdvisor                : Request get email failed.
2023-09-16 15:38:02.122 ERROR 2426 --- [http-nio-8080-exec-6] c.s.a.e.ControllerAdvisor                : Person(s) not found!
2023-09-16 15:38:02.122 DEBUG 2426 --- [http-nio-8080-exec-6] c.s.a.e.ControllerAdvisor                : Responding with a status of 404 NOT_FOUND
2023-09-16 15:38:10.879  INFO 2426 --- [http-nio-8080-exec-7] c.s.a.e.ControllerAdvisor                : Request get email failed.
2023-09-16 15:38:10.880 ERROR 2426 --- [http-nio-8080-exec-7] c.s.a.e.ControllerAdvisor                : Person(s) not found!
2023-09-16 15:38:10.881 DEBUG 2426 --- [http-nio-8080-exec-7] c.s.a.e.ControllerAdvisor                : Responding with a status of 404 NOT_FOUND
2023-09-16 15:38:58.567  INFO 2426 --- [http-nio-8080-exec-8] c.s.a.e.ControllerAdvisor                : Request get email failed.
2023-09-16 15:38:58.568 ERROR 2426 --- [http-nio-8080-exec-8] c.s.a.e.ControllerAdvisor                : Person(s) not found!
2023-09-16 15:38:58.568 DEBUG 2426 --- [http-nio-8080-exec-8] c.s.a.e.ControllerAdvisor                : Responding with a status of 404 NOT_FOUND
2023-09-16 16:06:36.064  INFO 2426 --- [http-nio-8080-exec-10] c.s.a.e.ControllerAdvisor                : Request get email failed.
2023-09-16 16:06:36.064 ERROR 2426 --- [http-nio-8080-exec-10] c.s.a.e.ControllerAdvisor                : Person(s) not found!
2023-09-16 16:06:36.064 DEBUG 2426 --- [http-nio-8080-exec-10] c.s.a.e.ControllerAdvisor                : Responding with a status of 404 NOT_FOUND
2023-09-16 16:06:41.486  INFO 2426 --- [http-nio-8080-exec-1] c.s.a.e.ControllerAdvisor                : Request get email failed.
2023-09-16 16:06:41.487 ERROR 2426 --- [http-nio-8080-exec-1] c.s.a.e.ControllerAdvisor                : Person(s) not found!
2023-09-16 16:06:41.487 DEBUG 2426 --- [http-nio-8080-exec-1] c.s.a.e.ControllerAdvisor                : Responding with a status of 404 NOT_FOUND
2023-09-16 16:06:53.885  INFO 2426 --- [http-nio-8080-exec-2] c.s.a.e.ControllerAdvisor                : Request get email failed.
2023-09-16 16:06:53.886 ERROR 2426 --- [http-nio-8080-exec-2] c.s.a.e.ControllerAdvisor                : Person(s) not found!
2023-09-16 16:06:53.886 DEBUG 2426 --- [http-nio-8080-exec-2] c.s.a.e.ControllerAdvisor                : Responding with a status of 404 NOT_FOUND
2023-09-16 17:18:59.418  INFO 2426 --- [RMI TCP Connection(184)-127.0.0.1] inMXBeanRegistrar$SpringApplicationAdmin : Application shutdown requested.
2023-09-16 17:18:59.425  INFO 2426 --- [RMI TCP Connection(184)-127.0.0.1] o.a.c.c.StandardService                  : Stopping service [Tomcat]
2023-09-16 17:18:59.426  INFO 2426 --- [RMI TCP Connection(184)-127.0.0.1] o.a.c.c.C.[.[.[/]                        : Destroying Spring FrameworkServlet 'dispatcherServlet'
2023-09-16 17:19:00.583  INFO 3951 --- [main] c.s.a.AlertsApplication                  : Starting AlertsApplication using Java 17.0.7 with PID 3951 (/Users/samiras/git/alerts-oc/alerts/target/classes started by samiras in /Users/samiras/git/alerts-oc/alerts)
2023-09-16 17:19:00.585 DEBUG 3951 --- [main] c.s.a.AlertsApplication                  : Running with Spring Boot v3.1.3, Spring v6.0.11
2023-09-16 17:19:00.586  INFO 3951 --- [main] c.s.a.AlertsApplication                  : No active profile set, falling back to 1 default profile: "default"
2023-09-16 17:19:00.922  INFO 3951 --- [main] o.s.b.w.e.t.TomcatWebServer              : Tomcat initialized with port(s): 8080 (http)
2023-09-16 17:19:00.926  INFO 3951 --- [main] o.a.c.c.StandardService                  : Starting service [Tomcat]
2023-09-16 17:19:00.926  INFO 3951 --- [main] o.a.c.c.StandardEngine                   : Starting Servlet engine: [Apache Tomcat/10.1.12]
2023-09-16 17:19:00.954  INFO 3951 --- [main] o.a.c.c.C.[.[.[/]                        : Initializing Spring embedded WebApplicationContext
2023-09-16 17:19:00.954  INFO 3951 --- [main] w.s.c.ServletWebServerApplicationContext : Root WebApplicationContext: initialization completed in 356 ms
2023-09-16 17:19:01.136  INFO 3951 --- [main] o.s.b.a.e.w.EndpointLinksResolver        : Exposing 1 endpoint(s) beneath base path '/actuator'
2023-09-16 17:19:01.156  INFO 3951 --- [main] o.s.b.w.e.t.TomcatWebServer              : Tomcat started on port(s): 8080 (http) with context path ''
2023-09-16 17:19:01.163  INFO 3951 --- [main] c.s.a.AlertsApplication                  : Started AlertsApplication in 0.686 seconds (process running for 1.226)
2023-09-16 17:19:01.164 DEBUG 3951 --- [main] c.s.a.AlertsApplication                  : LOG TEST - Alerts application is running...
2023-09-16 17:19:01.164  INFO 3951 --- [main] c.s.a.AlertsApplication                  : LOG TEST - Alerts application is running...
2023-09-16 17:19:01.164 ERROR 3951 --- [main] c.s.a.AlertsApplication                  : LOG TEST - Alerts application is running...
2023-09-16 17:19:01.692  INFO 3951 --- [RMI TCP Connection(9)-127.0.0.1] o.a.c.c.C.[.[.[/]                        : Initializing Spring DispatcherServlet 'dispatcherServlet'
2023-09-16 17:19:01.692  INFO 3951 --- [RMI TCP Connection(9)-127.0.0.1] o.s.w.s.DispatcherServlet                : Initializing Servlet 'dispatcherServlet'
2023-09-16 17:19:01.693  INFO 3951 --- [RMI TCP Connection(9)-127.0.0.1] o.s.w.s.DispatcherServlet                : Completed initialization in 1 ms
2023-09-16 18:23:32.924 DEBUG 3951 --- [http-nio-8080-exec-1] c.s.a.r.i.DataFileAccessImpl             : Json correctly mapped!
2023-09-16 18:23:32.930  INFO 3951 --- [http-nio-8080-exec-1] c.s.a.e.ControllerAdvisor                : Request get firestation zone successful!
2023-09-16 18:23:43.063  INFO 3951 --- [http-nio-8080-exec-3] c.s.a.e.ControllerAdvisor                : Request get firestation zone successful!
2023-09-16 18:24:38.333  INFO 3951 --- [http-nio-8080-exec-4] c.s.a.e.ControllerAdvisor                : Request get child alerts failed.
2023-09-16 18:24:38.335 ERROR 3951 --- [http-nio-8080-exec-4] c.s.a.e.ControllerAdvisor                : Person(s) from address not found!
2023-09-16 18:24:38.336 DEBUG 3951 --- [http-nio-8080-exec-4] c.s.a.e.ControllerAdvisor                : Responding with a status of 404 NOT_FOUND
2023-09-16 19:12:04.931  INFO 3951 --- [http-nio-8080-exec-7] c.s.a.e.ControllerAdvisor                : Request get child alerts failed.
2023-09-16 19:12:04.932 ERROR 3951 --- [http-nio-8080-exec-7] c.s.a.e.ControllerAdvisor                : Person(s) from address not found!
2023-09-16 19:12:04.933 DEBUG 3951 --- [http-nio-8080-exec-7] c.s.a.e.ControllerAdvisor                : Responding with a status of 404 NOT_FOUND
2023-09-16 19:12:18.819  INFO 3951 --- [http-nio-8080-exec-8] c.s.a.e.ControllerAdvisor                : Request get child alerts failed.
2023-09-16 19:12:18.819 ERROR 3951 --- [http-nio-8080-exec-8] c.s.a.e.ControllerAdvisor                : Person(s) from address not found!
2023-09-16 19:12:18.820 DEBUG 3951 --- [http-nio-8080-exec-8] c.s.a.e.ControllerAdvisor                : Responding with a status of 404 NOT_FOUND
2023-09-16 19:22:50.728  INFO 3951 --- [http-nio-8080-exec-2] c.s.a.e.ControllerAdvisor                : Request get child alerts failed.
2023-09-16 19:22:50.729 ERROR 3951 --- [http-nio-8080-exec-2] c.s.a.e.ControllerAdvisor                : Person(s) from address not found!
2023-09-16 19:22:50.729 DEBUG 3951 --- [http-nio-8080-exec-2] c.s.a.e.ControllerAdvisor                : Responding with a status of 404 NOT_FOUND
2023-09-16 19:24:49.067  INFO 3951 --- [http-nio-8080-exec-4] c.s.a.e.ControllerAdvisor                : Request get child alerts failed.
2023-09-16 19:24:49.067 ERROR 3951 --- [http-nio-8080-exec-4] c.s.a.e.ControllerAdvisor                : Person(s) from address not found!
2023-09-16 19:24:49.067 DEBUG 3951 --- [http-nio-8080-exec-4] c.s.a.e.ControllerAdvisor                : Responding with a status of 404 NOT_FOUND
2023-09-16 19:25:27.958  INFO 3951 --- [http-nio-8080-exec-5] c.s.a.e.ControllerAdvisor                : Request get child alerts failed.
2023-09-16 19:25:27.959 ERROR 3951 --- [http-nio-8080-exec-5] c.s.a.e.ControllerAdvisor                : Person(s) from address not found!
2023-09-16 19:25:27.959 DEBUG 3951 --- [http-nio-8080-exec-5] c.s.a.e.ControllerAdvisor                : Responding with a status of 404 NOT_FOUND
2023-09-16 19:27:09.222  INFO 3951 --- [http-nio-8080-exec-8] c.s.a.e.ControllerAdvisor                : Request get email failed.
2023-09-16 19:27:09.223 ERROR 3951 --- [http-nio-8080-exec-8] c.s.a.e.ControllerAdvisor                : Person(s) not found!
2023-09-16 19:27:09.223 DEBUG 3951 --- [http-nio-8080-exec-8] c.s.a.e.ControllerAdvisor                : Responding with a status of 404 NOT_FOUND
2023-09-16 19:27:49.321  INFO 3951 --- [http-nio-8080-exec-9] c.s.a.e.ControllerAdvisor                : Request get email failed.
2023-09-16 19:27:49.321 ERROR 3951 --- [http-nio-8080-exec-9] c.s.a.e.ControllerAdvisor                : Person(s) not found!
2023-09-16 19:27:49.321 DEBUG 3951 --- [http-nio-8080-exec-9] c.s.a.e.ControllerAdvisor                : Responding with a status of 404 NOT_FOUND
2023-09-16 19:27:57.136  INFO 3951 --- [http-nio-8080-exec-10] c.s.a.e.ControllerAdvisor                : Request get email failed.
2023-09-16 19:27:57.137 ERROR 3951 --- [http-nio-8080-exec-10] c.s.a.e.ControllerAdvisor                : Person(s) not found!
2023-09-16 19:27:57.137 DEBUG 3951 --- [http-nio-8080-exec-10] c.s.a.e.ControllerAdvisor                : Responding with a status of 404 NOT_FOUND
2023-09-16 19:28:03.351  INFO 3951 --- [http-nio-8080-exec-2] c.s.a.e.ControllerAdvisor                : Request get email successful!
2023-09-16 19:31:05.195  INFO 3951 --- [http-nio-8080-exec-4] c.s.a.e.ControllerAdvisor                : Request get person information with station list successful!
2023-09-16 19:37:09.723  INFO 3951 --- [http-nio-8080-exec-7] c.s.a.e.ControllerAdvisor                : Request get child alerts failed.
2023-09-16 19:37:09.724 ERROR 3951 --- [http-nio-8080-exec-7] c.s.a.e.ControllerAdvisor                : Person(s) from address not found!
2023-09-16 19:37:09.724 DEBUG 3951 --- [http-nio-8080-exec-7] c.s.a.e.ControllerAdvisor                : Responding with a status of 404 NOT_FOUND
2023-09-16 19:37:59.876  INFO 3951 --- [http-nio-8080-exec-8] c.s.a.e.ControllerAdvisor                : Request get child alerts successful!
2023-09-16 19:39:28.963  INFO 3951 --- [http-nio-8080-exec-2] c.s.a.e.ControllerAdvisor                : Request get phone alert successful!
2023-09-16 19:40:49.213  INFO 3951 --- [http-nio-8080-exec-4] c.s.a.e.ControllerAdvisor                : Request get person information with address successful!
2023-09-16 19:49:48.376  INFO 3951 --- [http-nio-8080-exec-7] o.a.c.h.Http11Processor                  : Error parsing HTTP request header
 Note: further occurrences of HTTP request parsing errors will be logged at DEBUG level.

java.lang.IllegalArgumentException: Invalid character found in the request target [/personInfo?firstName={firstName(not_required)}&lastName=Peters ]. The valid characters are defined in RFC 7230 and RFC 3986
	at org.apache.coyote.http11.Http11InputBuffer.parseRequestLine(Http11InputBuffer.java:482) ~[tomcat-embed-core-10.1.12.jar:10.1.12]
	at org.apache.coyote.http11.Http11Processor.service(Http11Processor.java:264) [tomcat-embed-core-10.1.12.jar:10.1.12]
	at org.apache.coyote.AbstractProcessorLight.process(AbstractProcessorLight.java:63) [tomcat-embed-core-10.1.12.jar:10.1.12]
	at org.apache.coyote.AbstractProtocol$ConnectionHandler.process(AbstractProtocol.java:894) [tomcat-embed-core-10.1.12.jar:10.1.12]
	at org.apache.tomcat.util.net.NioEndpoint$SocketProcessor.doRun(NioEndpoint.java:1740) [tomcat-embed-core-10.1.12.jar:10.1.12]
	at org.apache.tomcat.util.net.SocketProcessorBase.run(SocketProcessorBase.java:52) [tomcat-embed-core-10.1.12.jar:10.1.12]
	at org.apache.tomcat.util.threads.ThreadPoolExecutor.runWorker(ThreadPoolExecutor.java:1191) [tomcat-embed-core-10.1.12.jar:10.1.12]
	at org.apache.tomcat.util.threads.ThreadPoolExecutor$Worker.run(ThreadPoolExecutor.java:659) [tomcat-embed-core-10.1.12.jar:10.1.12]
	at org.apache.tomcat.util.threads.TaskThread$WrappingRunnable.run(TaskThread.java:61) [tomcat-embed-core-10.1.12.jar:10.1.12]
	at java.lang.Thread.run(Thread.java:833) [?:?]

2023-09-16 19:51:08.254  INFO 3951 --- [http-nio-8080-exec-9] o.a.c.h.Http11Processor                  : Error parsing HTTP request header
 Note: further occurrences of HTTP request parsing errors will be logged at DEBUG level.

java.lang.IllegalArgumentException: Invalid character found in the request target [/personInfo?firstName={firstName(not_required)}&lastName=Cooper ]. The valid characters are defined in RFC 7230 and RFC 3986
	at org.apache.coyote.http11.Http11InputBuffer.parseRequestLine(Http11InputBuffer.java:482) ~[tomcat-embed-core-10.1.12.jar:10.1.12]
	at org.apache.coyote.http11.Http11Processor.service(Http11Processor.java:264) [tomcat-embed-core-10.1.12.jar:10.1.12]
	at org.apache.coyote.AbstractProcessorLight.process(AbstractProcessorLight.java:63) [tomcat-embed-core-10.1.12.jar:10.1.12]
	at org.apache.coyote.AbstractProtocol$ConnectionHandler.process(AbstractProtocol.java:894) [tomcat-embed-core-10.1.12.jar:10.1.12]
	at org.apache.tomcat.util.net.NioEndpoint$SocketProcessor.doRun(NioEndpoint.java:1740) [tomcat-embed-core-10.1.12.jar:10.1.12]
	at org.apache.tomcat.util.net.SocketProcessorBase.run(SocketProcessorBase.java:52) [tomcat-embed-core-10.1.12.jar:10.1.12]
	at org.apache.tomcat.util.threads.ThreadPoolExecutor.runWorker(ThreadPoolExecutor.java:1191) [tomcat-embed-core-10.1.12.jar:10.1.12]
	at org.apache.tomcat.util.threads.ThreadPoolExecutor$Worker.run(ThreadPoolExecutor.java:659) [tomcat-embed-core-10.1.12.jar:10.1.12]
	at org.apache.tomcat.util.threads.TaskThread$WrappingRunnable.run(TaskThread.java:61) [tomcat-embed-core-10.1.12.jar:10.1.12]
	at java.lang.Thread.run(Thread.java:833) [?:?]

2023-09-16 19:52:13.745  INFO 3951 --- [http-nio-8080-exec-3] c.s.a.e.ControllerAdvisor                : Request get full information successful!
2023-09-16 19:52:13.747 ERROR 3951 --- [http-nio-8080-exec-3] c.s.a.e.ControllerAdvisor                : Person(s) from firstname and lastname not found!
2023-09-16 19:52:13.747 DEBUG 3951 --- [http-nio-8080-exec-3] c.s.a.e.ControllerAdvisor                : Responding with a status of 404 NOT_FOUND
2023-09-16 19:52:38.103  INFO 3951 --- [http-nio-8080-exec-4] c.s.a.e.ControllerAdvisor                : Request get full information successful!
2023-09-16 19:59:59.690  INFO 3951 --- [RMI TCP Connection(117)-127.0.0.1] inMXBeanRegistrar$SpringApplicationAdmin : Application shutdown requested.
2023-09-16 19:59:59.693  INFO 3951 --- [RMI TCP Connection(117)-127.0.0.1] o.a.c.c.StandardService                  : Stopping service [Tomcat]
2023-09-16 19:59:59.694  INFO 3951 --- [RMI TCP Connection(117)-127.0.0.1] o.a.c.c.C.[.[.[/]                        : Destroying Spring FrameworkServlet 'dispatcherServlet'
